<?xml version="1.0" encoding="UTF-8"?>
<!-- Generated by org.testng.reporters.JUnitXMLReporter -->
<testsuite ignored="0" hostname="Andrei-pc" failures="0" tests="4" name="Test" time="7.735" errors="0" timestamp="2024-01-11T16:16:40 EET">
  <testcase classname="com.techbeamers.HomePage" name="verificaBileteButon" time="0.451"/>
  <testcase classname="com.techbeamers.HomePage" name="verificaPasageriButon" time="0.272"/>
  <testcase classname="com.techbeamers.HomePage" name="verificaZDestinatiiButon" time="0.379"/>
  <testcase classname="com.techbeamers.HomePage" name="verificaZboruriButon" time="0.292"/>
</testsuite> <!-- Test -->
